# JRE version: OpenJDK Runtime Environment (8.0_242-b01) (build 1.8.0_242-release-1644-b01)
# Java VM: OpenJDK 64-Bit Server VM (25.242-b01 mixed mode windows-amd64 compressed oops)
Heap:
 PSYoungGen      total 375808K, used 322628K [0x00000000d5580000, 0x00000000f2b80000, 0x0000000100000000)
  eden space 298496K, 96% used [0x00000000d5580000,0x00000000e6fb5a48,0x00000000e7900000)
  from space 77312K, 43% used [0x00000000e7900000,0x00000000e99db790,0x00000000ec480000)
  to   space 73216K, 0% used [0x00000000ee400000,0x00000000ee400000,0x00000000f2b80000)
 ParOldGen       total 257024K, used 148822K [0x0000000080000000, 0x000000008fb00000, 0x00000000d5580000)
  object space 257024K, 57% used [0x0000000080000000,0x0000000089155b90,0x000000008fb00000)
 Metaspace       used 196153K, capacity 207842K, committed 208076K, reserved 1230848K
  class space    used 25870K, capacity 28134K, committed 28148K, reserved 1048576K
GC Heap History (10 events):
Event: 3834.610 GC heap before
{Heap before GC invocations=36 (full 5):
 PSYoungGen      total 289280K, used 225280K [0x00000000d5580000, 0x00000000ef480000, 0x0000000100000000)
  eden space 225280K, 100% used [0x00000000d5580000,0x00000000e3180000,0x00000000e3180000)
  from space 64000K, 0% used [0x00000000e7f00000,0x00000000e7f00000,0x00000000ebd80000)
  to   space 79360K, 0% used [0x00000000e3180000,0x00000000e3180000,0x00000000e7f00000)
 ParOldGen       total 257024K, used 113805K [0x0000000080000000, 0x000000008fb00000, 0x00000000d5580000)
  object space 257024K, 44% used [0x0000000080000000,0x0000000086f236e0,0x000000008fb00000)
 Metaspace       used 156282K, capacity 164168K, committed 166220K, reserved 1193984K
  class space    used 20414K, capacity 21982K, committed 22388K, reserved 1048576K
Event: 3834.640 GC heap after
Heap after GC invocations=36 (full 5):
 PSYoungGen      total 304640K, used 35883K [0x00000000d5580000, 0x00000000ef000000, 0x0000000100000000)
  eden space 225280K, 0% used [0x00000000d5580000,0x00000000d5580000,0x00000000e3180000)
  from space 79360K, 45% used [0x00000000e3180000,0x00000000e548aff0,0x00000000e7f00000)
  to   space 76288K, 0% used [0x00000000ea580000,0x00000000ea580000,0x00000000ef000000)
 ParOldGen       total 257024K, used 113813K [0x0000000080000000, 0x000000008fb00000, 0x00000000d5580000)
  object space 257024K, 44% used [0x0000000080000000,0x0000000086f256e0,0x000000008fb00000)
 Metaspace       used 156282K, capacity 164168K, committed 166220K, reserved 1193984K
  class space    used 20414K, capacity 21982K, committed 22388K, reserved 1048576K
}
Event: 3836.537 GC heap before
{Heap before GC invocations=37 (full 5):
 PSYoungGen      total 304640K, used 261163K [0x00000000d5580000, 0x00000000ef000000, 0x0000000100000000)
  eden space 225280K, 100% used [0x00000000d5580000,0x00000000e3180000,0x00000000e3180000)
  from space 79360K, 45% used [0x00000000e3180000,0x00000000e548aff0,0x00000000e7f00000)
  to   space 76288K, 0% used [0x00000000ea580000,0x00000000ea580000,0x00000000ef000000)
 ParOldGen       total 257024K, used 113813K [0x0000000080000000, 0x000000008fb00000, 0x00000000d5580000)
  object space 257024K, 44% used [0x0000000080000000,0x0000000086f256e0,0x000000008fb00000)
 Metaspace       used 168934K, capacity 177286K, committed 178508K, reserved 1204224K
  class space    used 22262K, capacity 23932K, committed 24180K, reserved 1048576K
Event: 3836.588 GC heap after
Heap after GC invocations=37 (full 5):
 PSYoungGen      total 340480K, used 54283K [0x00000000d5580000, 0x00000000ef780000, 0x0000000100000000)
  eden space 264192K, 0% used [0x00000000d5580000,0x00000000d5580000,0x00000000e5780000)
  from space 76288K, 71% used [0x00000000ea580000,0x00000000eda82ff8,0x00000000ef000000)
  to   space 79872K, 0% used [0x00000000e5780000,0x00000000e5780000,0x00000000ea580000)
 ParOldGen       total 257024K, used 113821K [0x0000000080000000, 0x000000008fb00000, 0x00000000d5580000)
  object space 257024K, 44% used [0x0000000080000000,0x0000000086f276e0,0x000000008fb00000)
 Metaspace       used 168934K, capacity 177286K, committed 178508K, reserved 1204224K
  class space    used 22262K, capacity 23932K, committed 24180K, reserved 1048576K
}
Event: 3863.605 GC heap before
{Heap before GC invocations=38 (full 5):
 PSYoungGen      total 340480K, used 318475K [0x00000000d5580000, 0x00000000ef780000, 0x0000000100000000)
  eden space 264192K, 100% used [0x00000000d5580000,0x00000000e5780000,0x00000000e5780000)
  from space 76288K, 71% used [0x00000000ea580000,0x00000000eda82ff8,0x00000000ef000000)
  to   space 79872K, 0% used [0x00000000e5780000,0x00000000e5780000,0x00000000ea580000)
 ParOldGen       total 257024K, used 113821K [0x0000000080000000, 0x000000008fb00000, 0x00000000d5580000)
  object space 257024K, 44% used [0x0000000080000000,0x0000000086f276e0,0x000000008fb00000)
 Metaspace       used 179787K, capacity 188568K, committed 189388K, reserved 1214464K
  class space    used 23441K, capacity 25164K, committed 25332K, reserved 1048576K
Event: 3863.758 GC heap after
Heap after GC invocations=38 (full 5):
 PSYoungGen      total 344064K, used 47539K [0x00000000d5580000, 0x00000000f1a00000, 0x0000000100000000)
  eden space 264192K, 0% used [0x00000000d5580000,0x00000000d5580000,0x00000000e5780000)
  from space 79872K, 59% used [0x00000000e5780000,0x00000000e85ece40,0x00000000ea580000)
  to   space 80384K, 0% used [0x00000000ecb80000,0x00000000ecb80000,0x00000000f1a00000)
 ParOldGen       total 257024K, used 113829K [0x0000000080000000, 0x000000008fb00000, 0x00000000d5580000)
  object space 257024K, 44% used [0x0000000080000000,0x0000000086f296e0,0x000000008fb00000)
 Metaspace       used 179787K, capacity 188568K, committed 189388K, reserved 1214464K
  class space    used 23441K, capacity 25164K, committed 25332K, reserved 1048576K
}
Event: 3910.375 GC heap before
{Heap before GC invocations=39 (full 5):
 PSYoungGen      total 344064K, used 311731K [0x00000000d5580000, 0x00000000f1a00000, 0x0000000100000000)
  eden space 264192K, 100% used [0x00000000d5580000,0x00000000e5780000,0x00000000e5780000)
  from space 79872K, 59% used [0x00000000e5780000,0x00000000e85ece40,0x00000000ea580000)
  to   space 80384K, 0% used [0x00000000ecb80000,0x00000000ecb80000,0x00000000f1a00000)
 ParOldGen       total 257024K, used 113829K [0x0000000080000000, 0x000000008fb00000, 0x00000000d5580000)
  object space 257024K, 44% used [0x0000000080000000,0x0000000086f296e0,0x000000008fb00000)
 Metaspace       used 184169K, capacity 193630K, committed 193868K, reserved 1216512K
  class space    used 24047K, capacity 25884K, committed 25972K, reserved 1048576K
Event: 3910.438 GC heap after
Heap after GC invocations=39 (full 5):
 PSYoungGen      total 368640K, used 27689K [0x00000000d5580000, 0x00000000f1000000, 0x0000000100000000)
  eden space 298496K, 0% used [0x00000000d5580000,0x00000000d5580000,0x00000000e7900000)
  from space 70144K, 39% used [0x00000000ecb80000,0x00000000ee68a6b0,0x00000000f1000000)
  to   space 77312K, 0% used [0x00000000e7900000,0x00000000e7900000,0x00000000ec480000)
 ParOldGen       total 257024K, used 139518K [0x0000000080000000, 0x000000008fb00000, 0x00000000d5580000)
  object space 257024K, 54% used [0x0000000080000000,0x000000008883f8e8,0x000000008fb00000)
 Metaspace       used 184169K, capacity 193630K, committed 193868K, reserved 1216512K
  class space    used 24047K, capacity 25884K, committed 25972K, reserved 1048576K
}
Event: 3931.392 GC heap before
{Heap before GC invocations=40 (full 5):
 PSYoungGen      total 368640K, used 326185K [0x00000000d5580000, 0x00000000f1000000, 0x0000000100000000)
  eden space 298496K, 100% used [0x00000000d5580000,0x00000000e7900000,0x00000000e7900000)
  from space 70144K, 39% used [0x00000000ecb80000,0x00000000ee68a6b0,0x00000000f1000000)
  to   space 77312K, 0% used [0x00000000e7900000,0x00000000e7900000,0x00000000ec480000)
 ParOldGen       total 257024K, used 139518K [0x0000000080000000, 0x000000008fb00000, 0x00000000d5580000)
  object space 257024K, 54% used [0x0000000080000000,0x000000008883f8e8,0x000000008fb00000)
 Metaspace       used 186835K, capacity 196628K, committed 196812K, reserved 1220608K
  class space    used 24375K, capacity 26267K, committed 26356K, reserved 1048576K
Event: 3931.562 GC heap after
Heap after GC invocations=40 (full 5):
 PSYoungGen      total 375808K, used 33645K [0x00000000d5580000, 0x00000000f2b80000, 0x0000000100000000)
  eden space 298496K, 0% used [0x00000000d5580000,0x00000000d5580000,0x00000000e7900000)
  from space 77312K, 43% used [0x00000000e7900000,0x00000000e99db790,0x00000000ec480000)
  to   space 73216K, 0% used [0x00000000ee400000,0x00000000ee400000,0x00000000f2b80000)
 ParOldGen       total 257024K, used 148822K [0x0000000080000000, 0x000000008fb00000, 0x00000000d5580000)
  object space 257024K, 57% used [0x0000000080000000,0x0000000089155b90,0x000000008fb00000)
 Metaspace       used 186835K, capacity 196628K, committed 196812K, reserved 1220608K
  class space    used 24375K, capacity 26267K, committed 26356K, reserved 1048576K
}

